


ARM Macro Assembler    Page 1 


    1 00000000                 AREA             |.text|, CODE, READONLY, ALIGN=
4
    2 00000000                 THUMB
    3 00000000                 EXPORT           __main
    4 00000000         
    5 00000000 0000000C 
                       greenLED
                               EQU              12
    6 00000000 0000000D 
                       orangeLED
                               EQU              13
    7 00000000 0000000E 
                       redLED  EQU              14
    8 00000000 0000000F 
                       blueLED EQU              15
    9 00000000 00000003 
                       portD   EQU              3
   10 00000000         
   11 00000000 40023800 
                       RCC_baseAddr
                               EQU              0x40023800
   12 00000000 00000030 
                       AHB1_enOffset
                               EQU              0x30
   13 00000000         
   14 00000000 40020C00 
                       GPIOD_baseAddr
                               EQU              0x40020C00
   15 00000000 00000000 
                       GPIOD_dir
                               EQU              0x00
   16 00000000 00000014 
                       GPIOD_outpData
                               EQU              0x14
   17 00000000         
   18 00000000 00400000 
                       Delay   EQU              0x400000
   19 00000000         
   20 00000000         
   21 00000000         __main
   22 00000000 F000 F806       BL               GPIO_Init
   23 00000004         
   24 00000004         Loop
   25 00000004 F000 F83A       BL               LED_Blink
   26 00000008 2000            MOVS             R0, #0x00
   27 0000000A F000 F858       BL               Wait
   28 0000000E E7F9            B                Loop
   29 00000010         
   30 00000010         GPIO_Init
   31 00000010         ;GPIO Clock 
   32 00000010 492D            LDR              R1, =RCC_baseAddr
   33 00000012 F04F 0230       LDR              R2, =AHB1_enOffset
   34 00000016 EA41 0102       ORR              R1, R1, R2
   35 0000001A 6808            LDR              R0, [R1]
   36 0000001C         
   37 0000001C F04F 0201       MOV              R2, #0x01
   38 00000020 EA4F 02C2       LSL              R2, R2, #portD
   39 00000024         
   40 00000024 EA40 0002       ORR              R0, R0, R2  ;Because of Port D



ARM Macro Assembler    Page 2 


   41 00000028 6008            STR              R0, [R1]
   42 0000002A         ;GPIO Direction(2 bits for every pin so we need to shift
                        2 times)
   43 0000002A 4928            LDR              R1, =GPIOD_baseAddr
   44 0000002C F04F 0200       LDR              R2, =GPIOD_dir
   45 00000030 EA41 0102       ORR              R1, R1, R2
   46 00000034 6808            LDR              R0, [R1]
   47 00000036         
   48 00000036 F04F 0201       MOV              R2, #0x01
   49 0000003A EA4F 3202       LSL              R2, R2, #greenLED
   50 0000003E EA4F 3202       LSL              R2, R2, #greenLED
   51 00000042 4613            MOV              R3, R2
   52 00000044 F04F 0201       MOV              R2, #0x01
   53 00000048 EA4F 3242       LSL              R2, R2, #orangeLED
   54 0000004C EA4F 3242       LSL              R2, R2, #orangeLED
   55 00000050 EA43 0302       ORR              R3, R3, R2
   56 00000054 F04F 0201       MOV              R2, #0x01
   57 00000058 EA4F 3282       LSL              R2, R2, #redLED
   58 0000005C EA4F 3282       LSL              R2, R2, #redLED
   59 00000060 EA43 0302       ORR              R3, R3, R2
   60 00000064 F04F 0201       MOV              R2, #0x01
   61 00000068 EA4F 32C2       LSL              R2, R2, #blueLED
   62 0000006C EA4F 32C2       LSL              R2, R2, #blueLED
   63 00000070 EA43 0302       ORR              R3, R3, R2
   64 00000074         
   65 00000074 EA40 0003       ORR              R0, R0, R3
   66 00000078 6008            STR              R0, [R1]
   67 0000007A         
   68 0000007A 4770            BX               LR
   69 0000007C         
   70 0000007C         LED_Blink
   71 0000007C 4913            LDR              R1, =GPIOD_baseAddr
   72 0000007E F04F 0214       LDR              R2, =GPIOD_outpData
   73 00000082 EA41 0102       ORR              R1, R1, R2
   74 00000086 6808            LDR              R0, [R1]
   75 00000088         
   76 00000088 F04F 0201       MOV              R2, #0x01
   77 0000008C EA4F 3202       LSL              R2, R2, #greenLED
   78 00000090 4613            MOV              R3, R2
   79 00000092 F04F 0201       MOV              R2, #0x01
   80 00000096 EA4F 3242       LSL              R2, R2, #orangeLED
   81 0000009A EA43 0302       ORR              R3, R3, R2
   82 0000009E F04F 0201       MOV              R2, #0x01
   83 000000A2 EA4F 3282       LSL              R2, R2, #redLED
   84 000000A6 EA43 0302       ORR              R3, R3, R2
   85 000000AA F04F 0201       MOV              R2, #0x01
   86 000000AE EA4F 32C2       LSL              R2, R2, #blueLED
   87 000000B2 EA43 0302       ORR              R3, R3, R2
   88 000000B6         
   89 000000B6 EA80 0003       EOR              R0, R0, R3
   90 000000BA 6008            STR              R0, [R1]
   91 000000BC         
   92 000000BC 4770            BX               LR
   93 000000BE         
   94 000000BE         Wait
   95 000000BE 1C40            ADDS             R0, R0, #0x01
   96 000000C0 F5B0 0F80       CMP              R0, #Delay
   97 000000C4 DBFB            BLT              Wait
   98 000000C6 4770            BX               LR



ARM Macro Assembler    Page 3 


   99 000000C8         
  100 000000C8         
  101 000000C8                 ALIGN
  102 000000C8                 END
              40023800 
              40020C00 
Command Line: --debug --xref --diag_suppress=9931 --cpu=Cortex-M4.fp.sp --apcs=
interwork --depend=.\objects\main.d -o.\objects\main.o -I.\RTE\_stm32f411vet -I
D:\Users\myilmaz\AppData\Local\Arm\Packs\ARM\CMSIS\5.7.0\CMSIS\Core\Include -ID
:\Users\myilmaz\AppData\Local\Arm\Packs\Keil\STM32F4xx_DFP\2.15.0\Drivers\CMSIS
\Device\ST\STM32F4xx\Include --predefine="__EVAL SETA 1" --predefine="__UVISION
_VERSION SETA 534" --predefine="_RTE_ SETA 1" --predefine="STM32F411xE SETA 1" 
--predefine="_RTE_ SETA 1" --list=.\listings\main.lst main.s



ARM Macro Assembler    Page 1 Alphabetic symbol ordering
Relocatable symbols

.text 00000000

Symbol: .text
   Definitions
      At line 1 in file main.s
   Uses
      None
Comment: .text unused
GPIO_Init 00000010

Symbol: GPIO_Init
   Definitions
      At line 30 in file main.s
   Uses
      At line 22 in file main.s
Comment: GPIO_Init used once
LED_Blink 0000007C

Symbol: LED_Blink
   Definitions
      At line 70 in file main.s
   Uses
      At line 25 in file main.s
Comment: LED_Blink used once
Loop 00000004

Symbol: Loop
   Definitions
      At line 24 in file main.s
   Uses
      At line 28 in file main.s
Comment: Loop used once
Wait 000000BE

Symbol: Wait
   Definitions
      At line 94 in file main.s
   Uses
      At line 27 in file main.s
      At line 97 in file main.s

__main 00000000

Symbol: __main
   Definitions
      At line 21 in file main.s
   Uses
      At line 3 in file main.s
Comment: __main used once
6 symbols



ARM Macro Assembler    Page 1 Alphabetic symbol ordering
Absolute symbols

AHB1_enOffset 00000030

Symbol: AHB1_enOffset
   Definitions
      At line 12 in file main.s
   Uses
      At line 33 in file main.s
Comment: AHB1_enOffset used once
Delay 00400000

Symbol: Delay
   Definitions
      At line 18 in file main.s
   Uses
      At line 96 in file main.s
Comment: Delay used once
GPIOD_baseAddr 40020C00

Symbol: GPIOD_baseAddr
   Definitions
      At line 14 in file main.s
   Uses
      At line 43 in file main.s
      At line 71 in file main.s

GPIOD_dir 00000000

Symbol: GPIOD_dir
   Definitions
      At line 15 in file main.s
   Uses
      At line 44 in file main.s
Comment: GPIOD_dir used once
GPIOD_outpData 00000014

Symbol: GPIOD_outpData
   Definitions
      At line 16 in file main.s
   Uses
      At line 72 in file main.s
Comment: GPIOD_outpData used once
RCC_baseAddr 40023800

Symbol: RCC_baseAddr
   Definitions
      At line 11 in file main.s
   Uses
      At line 32 in file main.s
Comment: RCC_baseAddr used once
blueLED 0000000F

Symbol: blueLED
   Definitions
      At line 8 in file main.s
   Uses
      At line 61 in file main.s
      At line 62 in file main.s
      At line 86 in file main.s




ARM Macro Assembler    Page 2 Alphabetic symbol ordering
Absolute symbols

greenLED 0000000C

Symbol: greenLED
   Definitions
      At line 5 in file main.s
   Uses
      At line 49 in file main.s
      At line 50 in file main.s
      At line 77 in file main.s

orangeLED 0000000D

Symbol: orangeLED
   Definitions
      At line 6 in file main.s
   Uses
      At line 53 in file main.s
      At line 54 in file main.s
      At line 80 in file main.s

portD 00000003

Symbol: portD
   Definitions
      At line 9 in file main.s
   Uses
      At line 38 in file main.s
Comment: portD used once
redLED 0000000E

Symbol: redLED
   Definitions
      At line 7 in file main.s
   Uses
      At line 57 in file main.s
      At line 58 in file main.s
      At line 83 in file main.s

11 symbols
354 symbols in table
